#-----------------------------------------------------------
# Vivado v2018.3 (64-bit)
# SW Build 2405991 on Thu Dec  6 23:38:27 MST 2018
# IP Build 2404404 on Fri Dec  7 01:43:56 MST 2018
# Start of session at: Sun Mar 13 09:48:45 2022
# Process ID: 28748
# Current directory: C:/Users/wty02/Desktop/CPU/single_CPU/code/single_CPU
# Command line: vivado.exe -gui_launcher_event rodinguilauncherevent19152 C:\Users\wty02\Desktop\CPU\single_CPU\code\single_CPU\single_CPU.xpr
# Log file: C:/Users/wty02/Desktop/CPU/single_CPU/code/single_CPU/vivado.log
# Journal file: C:/Users/wty02/Desktop/CPU/single_CPU/code/single_CPU\vivado.jou
#-----------------------------------------------------------
start_gui
open_project C:/Users/wty02/Desktop/CPU/single_CPU/code/single_CPU/single_CPU.xpr
Scanning sources...
Finished scanning sources
INFO: [IP_Flow 19-234] Refreshing IP repositories
INFO: [IP_Flow 19-1704] No user IP repositories specified
INFO: [IP_Flow 19-2313] Loaded Vivado IP repository 'D:/vivado/Vivado/2018.3/data/ip'.
open_project: Time (s): cpu = 00:00:08 ; elapsed = 00:00:09 . Memory (MB): peak = 711.973 ; gain = 123.156
update_compile_order -fileset sources_1
WARNING: [filemgmt 56-199] Attempt to get parsing info during refresh. "On-the-fly" syntax checking information may be incorrect. [C:/Users/wty02/Desktop/CPU/single_CPU/code/single_CPU/single_CPU.srcs/sources_1/new/myALU.v:]
WARNING: [filemgmt 56-199] Attempt to get parsing info during refresh. "On-the-fly" syntax checking information may be incorrect. [C:/Users/wty02/Desktop/CPU/single_CPU/code/single_CPU/single_CPU.srcs/sources_1/new/CPU.v:]
ERROR: [Common 17-180] Spawn failed: No error
update_compile_order -fileset sources_1
exit
INFO: [Common 17-206] Exiting Vivado at Sun Mar 13 10:31:14 2022...
