#-----------------------------------------------------------
# Vivado v2018.3 (64-bit)
# SW Build 2405991 on Thu Dec  6 23:38:27 MST 2018
# IP Build 2404404 on Fri Dec  7 01:43:56 MST 2018
# Start of session at: Tue Mar 15 18:27:51 2022
# Process ID: 16400
# Current directory: C:/Users/wty02/Desktop/CPU/single_CPU/code/single_CPU
# Command line: vivado.exe -gui_launcher_event rodinguilauncherevent13072 C:\Users\wty02\Desktop\CPU\single_CPU\code\single_CPU\single_CPU.xpr
# Log file: C:/Users/wty02/Desktop/CPU/single_CPU/code/single_CPU/vivado.log
# Journal file: C:/Users/wty02/Desktop/CPU/single_CPU/code/single_CPU\vivado.jou
#-----------------------------------------------------------
start_gui
open_project C:/Users/wty02/Desktop/CPU/single_CPU/code/single_CPU/single_CPU.xpr
Scanning sources...
Finished scanning sources
INFO: [IP_Flow 19-234] Refreshing IP repositories
INFO: [IP_Flow 19-1704] No user IP repositories specified
INFO: [IP_Flow 19-2313] Loaded Vivado IP repository 'D:/vivado/Vivado/2018.3/data/ip'.
open_project: Time (s): cpu = 00:00:08 ; elapsed = 00:00:08 . Memory (MB): peak = 711.531 ; gain = 99.133
update_compile_order -fileset sources_1
exit
INFO: [Common 17-206] Exiting Vivado at Tue Mar 15 19:56:11 2022...
