#-----------------------------------------------------------
# Vivado v2018.3 (64-bit)
# SW Build 2405991 on Thu Dec  6 23:38:27 MST 2018
# IP Build 2404404 on Fri Dec  7 01:43:56 MST 2018
# Start of session at: Fri Apr  1 23:41:47 2022
# Process ID: 28324
# Current directory: C:/Users/wty02/Desktop/CPU/single_CPU/code/single_CPU
# Command line: vivado.exe -gui_launcher_event rodinguilauncherevent20660 C:\Users\wty02\Desktop\CPU\single_CPU\code\single_CPU\single_CPU.xpr
# Log file: C:/Users/wty02/Desktop/CPU/single_CPU/code/single_CPU/vivado.log
# Journal file: C:/Users/wty02/Desktop/CPU/single_CPU/code/single_CPU\vivado.jou
#-----------------------------------------------------------
start_gui
open_project C:/Users/wty02/Desktop/CPU/single_CPU/code/single_CPU/single_CPU.xpr
Scanning sources...
Finished scanning sources
INFO: [IP_Flow 19-234] Refreshing IP repositories
INFO: [IP_Flow 19-1704] No user IP repositories specified
INFO: [IP_Flow 19-2313] Loaded Vivado IP repository 'D:/vivado/Vivado/2018.3/data/ip'.
update_compile_order -fileset sources_1
INFO: [Device 21-403] Loading part xc7z010iclg225-1L
WARNING: [IP_Flow 19-4067] Ignoring invalid widget type specified checkbox.Providing a default widget
WARNING: [IP_Flow 19-4067] Ignoring invalid widget type specified checkbox.Providing a default widget
synth_design -rtl -name rtl_1
Command: synth_design -rtl -name rtl_1
Starting synth_design
Using part: xc7z010iclg225-1L
Top: CPU
---------------------------------------------------------------------------------
Starting RTL Elaboration : Time (s): cpu = 00:00:02 ; elapsed = 00:00:01 . Memory (MB): peak = 1112.711 ; gain = 73.793
---------------------------------------------------------------------------------
INFO: [Synth 8-6157] synthesizing module 'CPU' [C:/Users/wty02/Desktop/CPU/single_CPU/code/single_CPU/single_CPU.srcs/sources_1/new/CPU.v:23]
INFO: [Synth 8-6157] synthesizing module 'ADDU' [C:/Users/wty02/Desktop/CPU/single_CPU/code/single_CPU/single_CPU.srcs/sources_1/new/ADDU.v:22]
INFO: [Synth 8-6155] done synthesizing module 'ADDU' (1#1) [C:/Users/wty02/Desktop/CPU/single_CPU/code/single_CPU/single_CPU.srcs/sources_1/new/ADDU.v:22]
INFO: [Synth 8-6157] synthesizing module 'MUX' [C:/Users/wty02/Desktop/CPU/single_CPU/code/single_CPU/single_CPU.srcs/sources_1/new/MUX.v:4]
INFO: [Synth 8-6155] done synthesizing module 'MUX' (2#1) [C:/Users/wty02/Desktop/CPU/single_CPU/code/single_CPU/single_CPU.srcs/sources_1/new/MUX.v:4]
INFO: [Synth 8-6157] synthesizing module 'MMUX' [C:/Users/wty02/Desktop/CPU/single_CPU/code/single_CPU/single_CPU.srcs/sources_1/new/MUX.v:23]
INFO: [Synth 8-6155] done synthesizing module 'MMUX' (3#1) [C:/Users/wty02/Desktop/CPU/single_CPU/code/single_CPU/single_CPU.srcs/sources_1/new/MUX.v:23]
INFO: [Synth 8-6157] synthesizing module 'spMUX' [C:/Users/wty02/Desktop/CPU/single_CPU/code/single_CPU/single_CPU.srcs/sources_1/new/MUX.v:13]
INFO: [Synth 8-6155] done synthesizing module 'spMUX' (4#1) [C:/Users/wty02/Desktop/CPU/single_CPU/code/single_CPU/single_CPU.srcs/sources_1/new/MUX.v:13]
INFO: [Synth 8-6157] synthesizing module 'JumpADDer' [C:/Users/wty02/Desktop/CPU/single_CPU/code/single_CPU/single_CPU.srcs/sources_1/new/JumpADDer.v:23]
INFO: [Synth 8-6155] done synthesizing module 'JumpADDer' (5#1) [C:/Users/wty02/Desktop/CPU/single_CPU/code/single_CPU/single_CPU.srcs/sources_1/new/JumpADDer.v:23]
INFO: [Synth 8-6157] synthesizing module 'Ext16' [C:/Users/wty02/Desktop/CPU/single_CPU/code/single_CPU/single_CPU.srcs/sources_1/new/Ext.v:12]
INFO: [Synth 8-6155] done synthesizing module 'Ext16' (6#1) [C:/Users/wty02/Desktop/CPU/single_CPU/code/single_CPU/single_CPU.srcs/sources_1/new/Ext.v:12]
INFO: [Synth 8-6157] synthesizing module 'Ext5' [C:/Users/wty02/Desktop/CPU/single_CPU/code/single_CPU/single_CPU.srcs/sources_1/new/Ext.v:2]
INFO: [Synth 8-6155] done synthesizing module 'Ext5' (7#1) [C:/Users/wty02/Desktop/CPU/single_CPU/code/single_CPU/single_CPU.srcs/sources_1/new/Ext.v:2]
INFO: [Synth 8-6157] synthesizing module 'shifter' [C:/Users/wty02/Desktop/CPU/single_CPU/code/single_CPU/single_CPU.srcs/sources_1/new/shifter.v:23]
INFO: [Synth 8-6155] done synthesizing module 'shifter' (8#1) [C:/Users/wty02/Desktop/CPU/single_CPU/code/single_CPU/single_CPU.srcs/sources_1/new/shifter.v:23]
INFO: [Synth 8-6157] synthesizing module 'PCReg' [C:/Users/wty02/Desktop/CPU/single_CPU/code/single_CPU/single_CPU.srcs/sources_1/new/PCReg.v:23]
INFO: [Synth 8-6155] done synthesizing module 'PCReg' (9#1) [C:/Users/wty02/Desktop/CPU/single_CPU/code/single_CPU/single_CPU.srcs/sources_1/new/PCReg.v:23]
INFO: [Synth 8-6157] synthesizing module 'ALU' [C:/Users/wty02/Desktop/CPU/single_CPU/code/single_CPU/single_CPU.srcs/sources_1/new/myALU.v:23]
WARNING: [Synth 8-151] case item 6'b101010 is unreachable [C:/Users/wty02/Desktop/CPU/single_CPU/code/single_CPU/single_CPU.srcs/sources_1/new/myALU.v:32]
INFO: [Synth 8-6155] done synthesizing module 'ALU' (10#1) [C:/Users/wty02/Desktop/CPU/single_CPU/code/single_CPU/single_CPU.srcs/sources_1/new/myALU.v:23]
INFO: [Synth 8-6157] synthesizing module 'IMEM' [C:/Users/wty02/Desktop/CPU/single_CPU/code/single_CPU/single_CPU.srcs/sources_1/new/IMEM.v:24]
CRITICAL WARNING: [Synth 8-4445] could not open $readmem data file './rom.txt'; please make sure the file is added to project and has read permission, ignoring [C:/Users/wty02/Desktop/CPU/single_CPU/code/single_CPU/single_CPU.srcs/sources_1/new/IMEM.v:32]

Warning: Trying to implement RAM in registers. Block RAM or DRAM implementation is not possible for one or more of the following reasons :
	1: Unable to determine number of words or word size in RAM. 
	2: No valid read/write found for RAM. 
RAM dissolved into registers
WARNING: [Synth 8-3848] Net ROM in module/entity IMEM does not have driver. [C:/Users/wty02/Desktop/CPU/single_CPU/code/single_CPU/single_CPU.srcs/sources_1/new/IMEM.v:29]
WARNING: [Synth 8-3848] Net ROM in module/entity IMEM does not have driver. [C:/Users/wty02/Desktop/CPU/single_CPU/code/single_CPU/single_CPU.srcs/sources_1/new/IMEM.v:29]
WARNING: [Synth 8-3848] Net ROM in module/entity IMEM does not have driver. [C:/Users/wty02/Desktop/CPU/single_CPU/code/single_CPU/single_CPU.srcs/sources_1/new/IMEM.v:29]
WARNING: [Synth 8-3848] Net ROM in module/entity IMEM does not have driver. [C:/Users/wty02/Desktop/CPU/single_CPU/code/single_CPU/single_CPU.srcs/sources_1/new/IMEM.v:29]
WARNING: [Synth 8-3848] Net ROM in module/entity IMEM does not have driver. [C:/Users/wty02/Desktop/CPU/single_CPU/code/single_CPU/single_CPU.srcs/sources_1/new/IMEM.v:29]
WARNING: [Synth 8-3848] Net ROM in module/entity IMEM does not have driver. [C:/Users/wty02/Desktop/CPU/single_CPU/code/single_CPU/single_CPU.srcs/sources_1/new/IMEM.v:29]
WARNING: [Synth 8-3848] Net ROM in module/entity IMEM does not have driver. [C:/Users/wty02/Desktop/CPU/single_CPU/code/single_CPU/single_CPU.srcs/sources_1/new/IMEM.v:29]
WARNING: [Synth 8-3848] Net ROM in module/entity IMEM does not have driver. [C:/Users/wty02/Desktop/CPU/single_CPU/code/single_CPU/single_CPU.srcs/sources_1/new/IMEM.v:29]
WARNING: [Synth 8-3848] Net ROM in module/entity IMEM does not have driver. [C:/Users/wty02/Desktop/CPU/single_CPU/code/single_CPU/single_CPU.srcs/sources_1/new/IMEM.v:29]
WARNING: [Synth 8-3848] Net ROM in module/entity IMEM does not have driver. [C:/Users/wty02/Desktop/CPU/single_CPU/code/single_CPU/single_CPU.srcs/sources_1/new/IMEM.v:29]
WARNING: [Synth 8-3848] Net ROM in module/entity IMEM does not have driver. [C:/Users/wty02/Desktop/CPU/single_CPU/code/single_CPU/single_CPU.srcs/sources_1/new/IMEM.v:29]
WARNING: [Synth 8-3848] Net ROM in module/entity IMEM does not have driver. [C:/Users/wty02/Desktop/CPU/single_CPU/code/single_CPU/single_CPU.srcs/sources_1/new/IMEM.v:29]
WARNING: [Synth 8-3848] Net ROM in module/entity IMEM does not have driver. [C:/Users/wty02/Desktop/CPU/single_CPU/code/single_CPU/single_CPU.srcs/sources_1/new/IMEM.v:29]
WARNING: [Synth 8-3848] Net ROM in module/entity IMEM does not have driver. [C:/Users/wty02/Desktop/CPU/single_CPU/code/single_CPU/single_CPU.srcs/sources_1/new/IMEM.v:29]
WARNING: [Synth 8-3848] Net ROM in module/entity IMEM does not have driver. [C:/Users/wty02/Desktop/CPU/single_CPU/code/single_CPU/single_CPU.srcs/sources_1/new/IMEM.v:29]
WARNING: [Synth 8-3848] Net ROM in module/entity IMEM does not have driver. [C:/Users/wty02/Desktop/CPU/single_CPU/code/single_CPU/single_CPU.srcs/sources_1/new/IMEM.v:29]
WARNING: [Synth 8-3848] Net ROM in module/entity IMEM does not have driver. [C:/Users/wty02/Desktop/CPU/single_CPU/code/single_CPU/single_CPU.srcs/sources_1/new/IMEM.v:29]
WARNING: [Synth 8-3848] Net ROM in module/entity IMEM does not have driver. [C:/Users/wty02/Desktop/CPU/single_CPU/code/single_CPU/single_CPU.srcs/sources_1/new/IMEM.v:29]
WARNING: [Synth 8-3848] Net ROM in module/entity IMEM does not have driver. [C:/Users/wty02/Desktop/CPU/single_CPU/code/single_CPU/single_CPU.srcs/sources_1/new/IMEM.v:29]
WARNING: [Synth 8-3848] Net ROM in module/entity IMEM does not have driver. [C:/Users/wty02/Desktop/CPU/single_CPU/code/single_CPU/single_CPU.srcs/sources_1/new/IMEM.v:29]
WARNING: [Synth 8-3848] Net ROM in module/entity IMEM does not have driver. [C:/Users/wty02/Desktop/CPU/single_CPU/code/single_CPU/single_CPU.srcs/sources_1/new/IMEM.v:29]
WARNING: [Synth 8-3848] Net ROM in module/entity IMEM does not have driver. [C:/Users/wty02/Desktop/CPU/single_CPU/code/single_CPU/single_CPU.srcs/sources_1/new/IMEM.v:29]
WARNING: [Synth 8-3848] Net ROM in module/entity IMEM does not have driver. [C:/Users/wty02/Desktop/CPU/single_CPU/code/single_CPU/single_CPU.srcs/sources_1/new/IMEM.v:29]
WARNING: [Synth 8-3848] Net ROM in module/entity IMEM does not have driver. [C:/Users/wty02/Desktop/CPU/single_CPU/code/single_CPU/single_CPU.srcs/sources_1/new/IMEM.v:29]
WARNING: [Synth 8-3848] Net ROM in module/entity IMEM does not have driver. [C:/Users/wty02/Desktop/CPU/single_CPU/code/single_CPU/single_CPU.srcs/sources_1/new/IMEM.v:29]
WARNING: [Synth 8-3848] Net ROM in module/entity IMEM does not have driver. [C:/Users/wty02/Desktop/CPU/single_CPU/code/single_CPU/single_CPU.srcs/sources_1/new/IMEM.v:29]
WARNING: [Synth 8-3848] Net ROM in module/entity IMEM does not have driver. [C:/Users/wty02/Desktop/CPU/single_CPU/code/single_CPU/single_CPU.srcs/sources_1/new/IMEM.v:29]
WARNING: [Synth 8-3848] Net ROM in module/entity IMEM does not have driver. [C:/Users/wty02/Desktop/CPU/single_CPU/code/single_CPU/single_CPU.srcs/sources_1/new/IMEM.v:29]
WARNING: [Synth 8-3848] Net ROM in module/entity IMEM does not have driver. [C:/Users/wty02/Desktop/CPU/single_CPU/code/single_CPU/single_CPU.srcs/sources_1/new/IMEM.v:29]
WARNING: [Synth 8-3848] Net ROM in module/entity IMEM does not have driver. [C:/Users/wty02/Desktop/CPU/single_CPU/code/single_CPU/single_CPU.srcs/sources_1/new/IMEM.v:29]
WARNING: [Synth 8-3848] Net ROM in module/entity IMEM does not have driver. [C:/Users/wty02/Desktop/CPU/single_CPU/code/single_CPU/single_CPU.srcs/sources_1/new/IMEM.v:29]
WARNING: [Synth 8-3848] Net ROM in module/entity IMEM does not have driver. [C:/Users/wty02/Desktop/CPU/single_CPU/code/single_CPU/single_CPU.srcs/sources_1/new/IMEM.v:29]
WARNING: [Synth 8-3848] Net ROM in module/entity IMEM does not have driver. [C:/Users/wty02/Desktop/CPU/single_CPU/code/single_CPU/single_CPU.srcs/sources_1/new/IMEM.v:29]
WARNING: [Synth 8-3848] Net ROM in module/entity IMEM does not have driver. [C:/Users/wty02/Desktop/CPU/single_CPU/code/single_CPU/single_CPU.srcs/sources_1/new/IMEM.v:29]
WARNING: [Synth 8-3848] Net ROM in module/entity IMEM does not have driver. [C:/Users/wty02/Desktop/CPU/single_CPU/code/single_CPU/single_CPU.srcs/sources_1/new/IMEM.v:29]
WARNING: [Synth 8-3848] Net ROM in module/entity IMEM does not have driver. [C:/Users/wty02/Desktop/CPU/single_CPU/code/single_CPU/single_CPU.srcs/sources_1/new/IMEM.v:29]
WARNING: [Synth 8-3848] Net ROM in module/entity IMEM does not have driver. [C:/Users/wty02/Desktop/CPU/single_CPU/code/single_CPU/single_CPU.srcs/sources_1/new/IMEM.v:29]
WARNING: [Synth 8-3848] Net ROM in module/entity IMEM does not have driver. [C:/Users/wty02/Desktop/CPU/single_CPU/code/single_CPU/single_CPU.srcs/sources_1/new/IMEM.v:29]
WARNING: [Synth 8-3848] Net ROM in module/entity IMEM does not have driver. [C:/Users/wty02/Desktop/CPU/single_CPU/code/single_CPU/single_CPU.srcs/sources_1/new/IMEM.v:29]
WARNING: [Synth 8-3848] Net ROM in module/entity IMEM does not have driver. [C:/Users/wty02/Desktop/CPU/single_CPU/code/single_CPU/single_CPU.srcs/sources_1/new/IMEM.v:29]
WARNING: [Synth 8-3848] Net ROM in module/entity IMEM does not have driver. [C:/Users/wty02/Desktop/CPU/single_CPU/code/single_CPU/single_CPU.srcs/sources_1/new/IMEM.v:29]
WARNING: [Synth 8-3848] Net ROM in module/entity IMEM does not have driver. [C:/Users/wty02/Desktop/CPU/single_CPU/code/single_CPU/single_CPU.srcs/sources_1/new/IMEM.v:29]
WARNING: [Synth 8-3848] Net ROM in module/entity IMEM does not have driver. [C:/Users/wty02/Desktop/CPU/single_CPU/code/single_CPU/single_CPU.srcs/sources_1/new/IMEM.v:29]
WARNING: [Synth 8-3848] Net ROM in module/entity IMEM does not have driver. [C:/Users/wty02/Desktop/CPU/single_CPU/code/single_CPU/single_CPU.srcs/sources_1/new/IMEM.v:29]
WARNING: [Synth 8-3848] Net ROM in module/entity IMEM does not have driver. [C:/Users/wty02/Desktop/CPU/single_CPU/code/single_CPU/single_CPU.srcs/sources_1/new/IMEM.v:29]
WARNING: [Synth 8-3848] Net ROM in module/entity IMEM does not have driver. [C:/Users/wty02/Desktop/CPU/single_CPU/code/single_CPU/single_CPU.srcs/sources_1/new/IMEM.v:29]
WARNING: [Synth 8-3848] Net ROM in module/entity IMEM does not have driver. [C:/Users/wty02/Desktop/CPU/single_CPU/code/single_CPU/single_CPU.srcs/sources_1/new/IMEM.v:29]
WARNING: [Synth 8-3848] Net ROM in module/entity IMEM does not have driver. [C:/Users/wty02/Desktop/CPU/single_CPU/code/single_CPU/single_CPU.srcs/sources_1/new/IMEM.v:29]
WARNING: [Synth 8-3848] Net ROM in module/entity IMEM does not have driver. [C:/Users/wty02/Desktop/CPU/single_CPU/code/single_CPU/single_CPU.srcs/sources_1/new/IMEM.v:29]
WARNING: [Synth 8-3848] Net ROM in module/entity IMEM does not have driver. [C:/Users/wty02/Desktop/CPU/single_CPU/code/single_CPU/single_CPU.srcs/sources_1/new/IMEM.v:29]
WARNING: [Synth 8-3848] Net ROM in module/entity IMEM does not have driver. [C:/Users/wty02/Desktop/CPU/single_CPU/code/single_CPU/single_CPU.srcs/sources_1/new/IMEM.v:29]
WARNING: [Synth 8-3848] Net ROM in module/entity IMEM does not have driver. [C:/Users/wty02/Desktop/CPU/single_CPU/code/single_CPU/single_CPU.srcs/sources_1/new/IMEM.v:29]
WARNING: [Synth 8-3848] Net ROM in module/entity IMEM does not have driver. [C:/Users/wty02/Desktop/CPU/single_CPU/code/single_CPU/single_CPU.srcs/sources_1/new/IMEM.v:29]
WARNING: [Synth 8-3848] Net ROM in module/entity IMEM does not have driver. [C:/Users/wty02/Desktop/CPU/single_CPU/code/single_CPU/single_CPU.srcs/sources_1/new/IMEM.v:29]
WARNING: [Synth 8-3848] Net ROM in module/entity IMEM does not have driver. [C:/Users/wty02/Desktop/CPU/single_CPU/code/single_CPU/single_CPU.srcs/sources_1/new/IMEM.v:29]
WARNING: [Synth 8-3848] Net ROM in module/entity IMEM does not have driver. [C:/Users/wty02/Desktop/CPU/single_CPU/code/single_CPU/single_CPU.srcs/sources_1/new/IMEM.v:29]
WARNING: [Synth 8-3848] Net ROM in module/entity IMEM does not have driver. [C:/Users/wty02/Desktop/CPU/single_CPU/code/single_CPU/single_CPU.srcs/sources_1/new/IMEM.v:29]
WARNING: [Synth 8-3848] Net ROM in module/entity IMEM does not have driver. [C:/Users/wty02/Desktop/CPU/single_CPU/code/single_CPU/single_CPU.srcs/sources_1/new/IMEM.v:29]
WARNING: [Synth 8-3848] Net ROM in module/entity IMEM does not have driver. [C:/Users/wty02/Desktop/CPU/single_CPU/code/single_CPU/single_CPU.srcs/sources_1/new/IMEM.v:29]
WARNING: [Synth 8-3848] Net ROM in module/entity IMEM does not have driver. [C:/Users/wty02/Desktop/CPU/single_CPU/code/single_CPU/single_CPU.srcs/sources_1/new/IMEM.v:29]
WARNING: [Synth 8-3848] Net ROM in module/entity IMEM does not have driver. [C:/Users/wty02/Desktop/CPU/single_CPU/code/single_CPU/single_CPU.srcs/sources_1/new/IMEM.v:29]
WARNING: [Synth 8-3848] Net ROM in module/entity IMEM does not have driver. [C:/Users/wty02/Desktop/CPU/single_CPU/code/single_CPU/single_CPU.srcs/sources_1/new/IMEM.v:29]
WARNING: [Synth 8-3848] Net ROM in module/entity IMEM does not have driver. [C:/Users/wty02/Desktop/CPU/single_CPU/code/single_CPU/single_CPU.srcs/sources_1/new/IMEM.v:29]
WARNING: [Synth 8-3848] Net ROM in module/entity IMEM does not have driver. [C:/Users/wty02/Desktop/CPU/single_CPU/code/single_CPU/single_CPU.srcs/sources_1/new/IMEM.v:29]
WARNING: [Synth 8-3848] Net ROM in module/entity IMEM does not have driver. [C:/Users/wty02/Desktop/CPU/single_CPU/code/single_CPU/single_CPU.srcs/sources_1/new/IMEM.v:29]
WARNING: [Synth 8-3848] Net ROM in module/entity IMEM does not have driver. [C:/Users/wty02/Desktop/CPU/single_CPU/code/single_CPU/single_CPU.srcs/sources_1/new/IMEM.v:29]
WARNING: [Synth 8-3848] Net ROM in module/entity IMEM does not have driver. [C:/Users/wty02/Desktop/CPU/single_CPU/code/single_CPU/single_CPU.srcs/sources_1/new/IMEM.v:29]
WARNING: [Synth 8-3848] Net ROM in module/entity IMEM does not have driver. [C:/Users/wty02/Desktop/CPU/single_CPU/code/single_CPU/single_CPU.srcs/sources_1/new/IMEM.v:29]
WARNING: [Synth 8-3848] Net ROM in module/entity IMEM does not have driver. [C:/Users/wty02/Desktop/CPU/single_CPU/code/single_CPU/single_CPU.srcs/sources_1/new/IMEM.v:29]
WARNING: [Synth 8-3848] Net ROM in module/entity IMEM does not have driver. [C:/Users/wty02/Desktop/CPU/single_CPU/code/single_CPU/single_CPU.srcs/sources_1/new/IMEM.v:29]
WARNING: [Synth 8-3848] Net ROM in module/entity IMEM does not have driver. [C:/Users/wty02/Desktop/CPU/single_CPU/code/single_CPU/single_CPU.srcs/sources_1/new/IMEM.v:29]
WARNING: [Synth 8-3848] Net ROM in module/entity IMEM does not have driver. [C:/Users/wty02/Desktop/CPU/single_CPU/code/single_CPU/single_CPU.srcs/sources_1/new/IMEM.v:29]
WARNING: [Synth 8-3848] Net ROM in module/entity IMEM does not have driver. [C:/Users/wty02/Desktop/CPU/single_CPU/code/single_CPU/single_CPU.srcs/sources_1/new/IMEM.v:29]
WARNING: [Synth 8-3848] Net ROM in module/entity IMEM does not have driver. [C:/Users/wty02/Desktop/CPU/single_CPU/code/single_CPU/single_CPU.srcs/sources_1/new/IMEM.v:29]
WARNING: [Synth 8-3848] Net ROM in module/entity IMEM does not have driver. [C:/Users/wty02/Desktop/CPU/single_CPU/code/single_CPU/single_CPU.srcs/sources_1/new/IMEM.v:29]
WARNING: [Synth 8-3848] Net ROM in module/entity IMEM does not have driver. [C:/Users/wty02/Desktop/CPU/single_CPU/code/single_CPU/single_CPU.srcs/sources_1/new/IMEM.v:29]
WARNING: [Synth 8-3848] Net ROM in module/entity IMEM does not have driver. [C:/Users/wty02/Desktop/CPU/single_CPU/code/single_CPU/single_CPU.srcs/sources_1/new/IMEM.v:29]
WARNING: [Synth 8-3848] Net ROM in module/entity IMEM does not have driver. [C:/Users/wty02/Desktop/CPU/single_CPU/code/single_CPU/single_CPU.srcs/sources_1/new/IMEM.v:29]
WARNING: [Synth 8-3848] Net ROM in module/entity IMEM does not have driver. [C:/Users/wty02/Desktop/CPU/single_CPU/code/single_CPU/single_CPU.srcs/sources_1/new/IMEM.v:29]
WARNING: [Synth 8-3848] Net ROM in module/entity IMEM does not have driver. [C:/Users/wty02/Desktop/CPU/single_CPU/code/single_CPU/single_CPU.srcs/sources_1/new/IMEM.v:29]
WARNING: [Synth 8-3848] Net ROM in module/entity IMEM does not have driver. [C:/Users/wty02/Desktop/CPU/single_CPU/code/single_CPU/single_CPU.srcs/sources_1/new/IMEM.v:29]
WARNING: [Synth 8-3848] Net ROM in module/entity IMEM does not have driver. [C:/Users/wty02/Desktop/CPU/single_CPU/code/single_CPU/single_CPU.srcs/sources_1/new/IMEM.v:29]
WARNING: [Synth 8-3848] Net ROM in module/entity IMEM does not have driver. [C:/Users/wty02/Desktop/CPU/single_CPU/code/single_CPU/single_CPU.srcs/sources_1/new/IMEM.v:29]
WARNING: [Synth 8-3848] Net ROM in module/entity IMEM does not have driver. [C:/Users/wty02/Desktop/CPU/single_CPU/code/single_CPU/single_CPU.srcs/sources_1/new/IMEM.v:29]
WARNING: [Synth 8-3848] Net ROM in module/entity IMEM does not have driver. [C:/Users/wty02/Desktop/CPU/single_CPU/code/single_CPU/single_CPU.srcs/sources_1/new/IMEM.v:29]
WARNING: [Synth 8-3848] Net ROM in module/entity IMEM does not have driver. [C:/Users/wty02/Desktop/CPU/single_CPU/code/single_CPU/single_CPU.srcs/sources_1/new/IMEM.v:29]
WARNING: [Synth 8-3848] Net ROM in module/entity IMEM does not have driver. [C:/Users/wty02/Desktop/CPU/single_CPU/code/single_CPU/single_CPU.srcs/sources_1/new/IMEM.v:29]
WARNING: [Synth 8-3848] Net ROM in module/entity IMEM does not have driver. [C:/Users/wty02/Desktop/CPU/single_CPU/code/single_CPU/single_CPU.srcs/sources_1/new/IMEM.v:29]
WARNING: [Synth 8-3848] Net ROM in module/entity IMEM does not have driver. [C:/Users/wty02/Desktop/CPU/single_CPU/code/single_CPU/single_CPU.srcs/sources_1/new/IMEM.v:29]
WARNING: [Synth 8-3848] Net ROM in module/entity IMEM does not have driver. [C:/Users/wty02/Desktop/CPU/single_CPU/code/single_CPU/single_CPU.srcs/sources_1/new/IMEM.v:29]
WARNING: [Synth 8-3848] Net ROM in module/entity IMEM does not have driver. [C:/Users/wty02/Desktop/CPU/single_CPU/code/single_CPU/single_CPU.srcs/sources_1/new/IMEM.v:29]
WARNING: [Synth 8-3848] Net ROM in module/entity IMEM does not have driver. [C:/Users/wty02/Desktop/CPU/single_CPU/code/single_CPU/single_CPU.srcs/sources_1/new/IMEM.v:29]
WARNING: [Synth 8-3848] Net ROM in module/entity IMEM does not have driver. [C:/Users/wty02/Desktop/CPU/single_CPU/code/single_CPU/single_CPU.srcs/sources_1/new/IMEM.v:29]
WARNING: [Synth 8-3848] Net ROM in module/entity IMEM does not have driver. [C:/Users/wty02/Desktop/CPU/single_CPU/code/single_CPU/single_CPU.srcs/sources_1/new/IMEM.v:29]
WARNING: [Synth 8-3848] Net ROM in module/entity IMEM does not have driver. [C:/Users/wty02/Desktop/CPU/single_CPU/code/single_CPU/single_CPU.srcs/sources_1/new/IMEM.v:29]
WARNING: [Synth 8-3848] Net ROM in module/entity IMEM does not have driver. [C:/Users/wty02/Desktop/CPU/single_CPU/code/single_CPU/single_CPU.srcs/sources_1/new/IMEM.v:29]
WARNING: [Synth 8-3848] Net ROM in module/entity IMEM does not have driver. [C:/Users/wty02/Desktop/CPU/single_CPU/code/single_CPU/single_CPU.srcs/sources_1/new/IMEM.v:29]
WARNING: [Synth 8-3848] Net ROM in module/entity IMEM does not have driver. [C:/Users/wty02/Desktop/CPU/single_CPU/code/single_CPU/single_CPU.srcs/sources_1/new/IMEM.v:29]
WARNING: [Synth 8-3848] Net ROM in module/entity IMEM does not have driver. [C:/Users/wty02/Desktop/CPU/single_CPU/code/single_CPU/single_CPU.srcs/sources_1/new/IMEM.v:29]
WARNING: [Synth 8-3848] Net ROM in module/entity IMEM does not have driver. [C:/Users/wty02/Desktop/CPU/single_CPU/code/single_CPU/single_CPU.srcs/sources_1/new/IMEM.v:29]
INFO: [Common 17-14] Message 'Synth 8-3848' appears 100 times and further instances of the messages will be disabled. Use the Tcl command set_msg_config to change the current settings.
INFO: [Synth 8-6155] done synthesizing module 'IMEM' (11#1) [C:/Users/wty02/Desktop/CPU/single_CPU/code/single_CPU/single_CPU.srcs/sources_1/new/IMEM.v:24]
INFO: [Synth 8-6157] synthesizing module 'RegFile' [C:/Users/wty02/Desktop/CPU/single_CPU/code/single_CPU/single_CPU.srcs/sources_1/new/regFIle.v:23]
INFO: [Synth 8-6155] done synthesizing module 'RegFile' (12#1) [C:/Users/wty02/Desktop/CPU/single_CPU/code/single_CPU/single_CPU.srcs/sources_1/new/regFIle.v:23]
INFO: [Synth 8-6157] synthesizing module 'DMEM' [C:/Users/wty02/Desktop/CPU/single_CPU/code/single_CPU/single_CPU.srcs/sources_1/new/DMEM.v:22]
INFO: [Synth 8-6155] done synthesizing module 'DMEM' (13#1) [C:/Users/wty02/Desktop/CPU/single_CPU/code/single_CPU/single_CPU.srcs/sources_1/new/DMEM.v:22]
INFO: [Synth 8-6157] synthesizing module 'controlUnit' [C:/Users/wty02/Desktop/CPU/single_CPU/code/single_CPU/single_CPU.srcs/sources_1/new/controlUnit.v:23]
WARNING: [Synth 8-151] case item 6'b001001 is unreachable [C:/Users/wty02/Desktop/CPU/single_CPU/code/single_CPU/single_CPU.srcs/sources_1/new/controlUnit.v:43]
WARNING: [Synth 8-151] case item 6'b101011 is unreachable [C:/Users/wty02/Desktop/CPU/single_CPU/code/single_CPU/single_CPU.srcs/sources_1/new/controlUnit.v:43]
WARNING: [Synth 8-151] case item 6'b101011 is unreachable [C:/Users/wty02/Desktop/CPU/single_CPU/code/single_CPU/single_CPU.srcs/sources_1/new/controlUnit.v:43]
WARNING: [Synth 8-151] case item 6'b001110 is unreachable [C:/Users/wty02/Desktop/CPU/single_CPU/code/single_CPU/single_CPU.srcs/sources_1/new/controlUnit.v:43]
WARNING: [Synth 8-151] case item 6'b001110 is unreachable [C:/Users/wty02/Desktop/CPU/single_CPU/code/single_CPU/single_CPU.srcs/sources_1/new/controlUnit.v:43]
INFO: [Synth 8-155] case statement is not full and has no default [C:/Users/wty02/Desktop/CPU/single_CPU/code/single_CPU/single_CPU.srcs/sources_1/new/controlUnit.v:47]
INFO: [Synth 8-155] case statement is not full and has no default [C:/Users/wty02/Desktop/CPU/single_CPU/code/single_CPU/single_CPU.srcs/sources_1/new/controlUnit.v:43]
INFO: [Synth 8-6155] done synthesizing module 'controlUnit' (14#1) [C:/Users/wty02/Desktop/CPU/single_CPU/code/single_CPU/single_CPU.srcs/sources_1/new/controlUnit.v:23]
INFO: [Synth 8-6157] synthesizing module 'BranchControl' [C:/Users/wty02/Desktop/CPU/single_CPU/code/single_CPU/single_CPU.srcs/sources_1/new/BranchControl.v:23]
INFO: [Synth 8-6155] done synthesizing module 'BranchControl' (15#1) [C:/Users/wty02/Desktop/CPU/single_CPU/code/single_CPU/single_CPU.srcs/sources_1/new/BranchControl.v:23]
INFO: [Synth 8-6155] done synthesizing module 'CPU' (16#1) [C:/Users/wty02/Desktop/CPU/single_CPU/code/single_CPU/single_CPU.srcs/sources_1/new/CPU.v:23]
WARNING: [Synth 8-3331] design DMEM has unconnected port addr[31]
WARNING: [Synth 8-3331] design DMEM has unconnected port addr[30]
WARNING: [Synth 8-3331] design DMEM has unconnected port addr[29]
WARNING: [Synth 8-3331] design DMEM has unconnected port addr[28]
WARNING: [Synth 8-3331] design DMEM has unconnected port addr[27]
WARNING: [Synth 8-3331] design DMEM has unconnected port addr[26]
WARNING: [Synth 8-3331] design DMEM has unconnected port addr[25]
WARNING: [Synth 8-3331] design DMEM has unconnected port addr[24]
WARNING: [Synth 8-3331] design DMEM has unconnected port addr[23]
WARNING: [Synth 8-3331] design DMEM has unconnected port addr[22]
WARNING: [Synth 8-3331] design DMEM has unconnected port addr[21]
WARNING: [Synth 8-3331] design DMEM has unconnected port addr[20]
WARNING: [Synth 8-3331] design DMEM has unconnected port addr[19]
WARNING: [Synth 8-3331] design DMEM has unconnected port addr[18]
WARNING: [Synth 8-3331] design DMEM has unconnected port addr[17]
WARNING: [Synth 8-3331] design DMEM has unconnected port addr[16]
WARNING: [Synth 8-3331] design DMEM has unconnected port addr[15]
WARNING: [Synth 8-3331] design DMEM has unconnected port addr[14]
WARNING: [Synth 8-3331] design DMEM has unconnected port addr[13]
WARNING: [Synth 8-3331] design DMEM has unconnected port addr[12]
WARNING: [Synth 8-3331] design DMEM has unconnected port addr[11]
WARNING: [Synth 8-3331] design DMEM has unconnected port addr[10]
WARNING: [Synth 8-3331] design DMEM has unconnected port addr[9]
WARNING: [Synth 8-3331] design DMEM has unconnected port addr[8]
WARNING: [Synth 8-3331] design IMEM has unconnected port addr[31]
WARNING: [Synth 8-3331] design IMEM has unconnected port addr[30]
WARNING: [Synth 8-3331] design IMEM has unconnected port addr[29]
WARNING: [Synth 8-3331] design IMEM has unconnected port addr[28]
WARNING: [Synth 8-3331] design IMEM has unconnected port addr[27]
WARNING: [Synth 8-3331] design IMEM has unconnected port addr[26]
WARNING: [Synth 8-3331] design IMEM has unconnected port addr[25]
WARNING: [Synth 8-3331] design IMEM has unconnected port addr[24]
WARNING: [Synth 8-3331] design IMEM has unconnected port addr[23]
WARNING: [Synth 8-3331] design IMEM has unconnected port addr[22]
WARNING: [Synth 8-3331] design IMEM has unconnected port addr[21]
WARNING: [Synth 8-3331] design IMEM has unconnected port addr[20]
WARNING: [Synth 8-3331] design IMEM has unconnected port addr[19]
WARNING: [Synth 8-3331] design IMEM has unconnected port addr[18]
WARNING: [Synth 8-3331] design IMEM has unconnected port addr[17]
WARNING: [Synth 8-3331] design IMEM has unconnected port addr[16]
WARNING: [Synth 8-3331] design IMEM has unconnected port addr[15]
WARNING: [Synth 8-3331] design IMEM has unconnected port addr[14]
WARNING: [Synth 8-3331] design IMEM has unconnected port addr[13]
WARNING: [Synth 8-3331] design IMEM has unconnected port addr[12]
WARNING: [Synth 8-3331] design IMEM has unconnected port addr[11]
WARNING: [Synth 8-3331] design IMEM has unconnected port addr[10]
WARNING: [Synth 8-3331] design IMEM has unconnected port addr[9]
WARNING: [Synth 8-3331] design IMEM has unconnected port addr[8]
WARNING: [Synth 8-3331] design spMUX has unconnected port data_in1[31]
WARNING: [Synth 8-3331] design spMUX has unconnected port data_in1[30]
WARNING: [Synth 8-3331] design spMUX has unconnected port data_in1[29]
WARNING: [Synth 8-3331] design spMUX has unconnected port data_in1[28]
WARNING: [Synth 8-3331] design spMUX has unconnected port data_in1[27]
WARNING: [Synth 8-3331] design spMUX has unconnected port data_in1[26]
WARNING: [Synth 8-3331] design spMUX has unconnected port data_in1[25]
WARNING: [Synth 8-3331] design spMUX has unconnected port data_in1[24]
WARNING: [Synth 8-3331] design spMUX has unconnected port data_in1[23]
WARNING: [Synth 8-3331] design spMUX has unconnected port data_in1[22]
WARNING: [Synth 8-3331] design spMUX has unconnected port data_in1[21]
WARNING: [Synth 8-3331] design spMUX has unconnected port data_in1[20]
WARNING: [Synth 8-3331] design spMUX has unconnected port data_in1[19]
WARNING: [Synth 8-3331] design spMUX has unconnected port data_in1[18]
WARNING: [Synth 8-3331] design spMUX has unconnected port data_in1[17]
WARNING: [Synth 8-3331] design spMUX has unconnected port data_in1[16]
WARNING: [Synth 8-3331] design spMUX has unconnected port data_in1[15]
WARNING: [Synth 8-3331] design spMUX has unconnected port data_in1[14]
WARNING: [Synth 8-3331] design spMUX has unconnected port data_in1[13]
WARNING: [Synth 8-3331] design spMUX has unconnected port data_in1[12]
WARNING: [Synth 8-3331] design spMUX has unconnected port data_in1[11]
WARNING: [Synth 8-3331] design spMUX has unconnected port data_in1[10]
WARNING: [Synth 8-3331] design spMUX has unconnected port data_in1[9]
WARNING: [Synth 8-3331] design spMUX has unconnected port data_in1[8]
WARNING: [Synth 8-3331] design spMUX has unconnected port data_in1[7]
WARNING: [Synth 8-3331] design spMUX has unconnected port data_in1[6]
WARNING: [Synth 8-3331] design spMUX has unconnected port data_in1[5]
WARNING: [Synth 8-3331] design spMUX has unconnected port data_in2[31]
WARNING: [Synth 8-3331] design spMUX has unconnected port data_in2[30]
WARNING: [Synth 8-3331] design spMUX has unconnected port data_in2[29]
WARNING: [Synth 8-3331] design spMUX has unconnected port data_in2[28]
WARNING: [Synth 8-3331] design spMUX has unconnected port data_in2[27]
WARNING: [Synth 8-3331] design spMUX has unconnected port data_in2[26]
WARNING: [Synth 8-3331] design spMUX has unconnected port data_in2[25]
WARNING: [Synth 8-3331] design spMUX has unconnected port data_in2[24]
WARNING: [Synth 8-3331] design spMUX has unconnected port data_in2[23]
WARNING: [Synth 8-3331] design spMUX has unconnected port data_in2[22]
WARNING: [Synth 8-3331] design spMUX has unconnected port data_in2[21]
WARNING: [Synth 8-3331] design spMUX has unconnected port data_in2[20]
WARNING: [Synth 8-3331] design spMUX has unconnected port data_in2[19]
WARNING: [Synth 8-3331] design spMUX has unconnected port data_in2[18]
WARNING: [Synth 8-3331] design spMUX has unconnected port data_in2[17]
WARNING: [Synth 8-3331] design spMUX has unconnected port data_in2[16]
WARNING: [Synth 8-3331] design spMUX has unconnected port data_in2[15]
WARNING: [Synth 8-3331] design spMUX has unconnected port data_in2[14]
WARNING: [Synth 8-3331] design spMUX has unconnected port data_in2[13]
WARNING: [Synth 8-3331] design spMUX has unconnected port data_in2[12]
WARNING: [Synth 8-3331] design spMUX has unconnected port data_in2[11]
WARNING: [Synth 8-3331] design spMUX has unconnected port data_in2[10]
WARNING: [Synth 8-3331] design spMUX has unconnected port data_in2[9]
WARNING: [Synth 8-3331] design spMUX has unconnected port data_in2[8]
WARNING: [Synth 8-3331] design spMUX has unconnected port data_in2[7]
INFO: [Common 17-14] Message 'Synth 8-3331' appears 100 times and further instances of the messages will be disabled. Use the Tcl command set_msg_config to change the current settings.
---------------------------------------------------------------------------------
Finished RTL Elaboration : Time (s): cpu = 00:00:02 ; elapsed = 00:00:02 . Memory (MB): peak = 1158.035 ; gain = 119.117
---------------------------------------------------------------------------------

Report Check Netlist: 
+------+------------------+-------+---------+-------+------------------+
|      |Item              |Errors |Warnings |Status |Description       |
+------+------------------+-------+---------+-------+------------------+
|1     |multi_driven_nets |      0|        0|Passed |Multi driven nets |
+------+------------------+-------+---------+-------+------------------+
---------------------------------------------------------------------------------
Start Handling Custom Attributes
---------------------------------------------------------------------------------
---------------------------------------------------------------------------------
Finished Handling Custom Attributes : Time (s): cpu = 00:00:02 ; elapsed = 00:00:02 . Memory (MB): peak = 1158.035 ; gain = 119.117
---------------------------------------------------------------------------------
---------------------------------------------------------------------------------
Finished RTL Optimization Phase 1 : Time (s): cpu = 00:00:02 ; elapsed = 00:00:02 . Memory (MB): peak = 1158.035 ; gain = 119.117
---------------------------------------------------------------------------------
INFO: [Project 1-570] Preparing netlist for logic optimization

Processing XDC Constraints
Initializing timing engine
Completed Processing XDC Constraints

INFO: [Opt 31-138] Pushed 0 inverter(s) to 0 load pin(s).
Netlist sorting complete. Time (s): cpu = 00:00:00 ; elapsed = 00:00:00.001 . Memory (MB): peak = 1283.586 ; gain = 0.000
INFO: [Project 1-111] Unisim Transformation Summary:
No Unisim elements were transformed.

RTL Elaboration Complete:  : Time (s): cpu = 00:00:15 ; elapsed = 00:00:09 . Memory (MB): peak = 1395.430 ; gain = 356.512
39 Infos, 206 Warnings, 1 Critical Warnings and 0 Errors encountered.
synth_design completed successfully
synth_design: Time (s): cpu = 00:00:15 ; elapsed = 00:00:09 . Memory (MB): peak = 1395.430 ; gain = 356.512
WARNING: [IP_Flow 19-4067] Ignoring invalid widget type specified checkbox.Providing a default widget
WARNING: [IP_Flow 19-4067] Ignoring invalid widget type specified checkbox.Providing a default widget
WARNING: [IP_Flow 19-4067] Ignoring invalid widget type specified checkbox.Providing a default widget
WARNING: [IP_Flow 19-4067] Ignoring invalid widget type specified checkbox.Providing a default widget
WARNING: [IP_Flow 19-4067] Ignoring invalid widget type specified checkbox.Providing a default widget
WARNING: [IP_Flow 19-4067] Ignoring invalid widget type specified checkbox.Providing a default widget
update_compile_order -fileset sources_1
refresh_design
---------------------------------------------------------------------------------
Starting RTL Elaboration : Time (s): cpu = 00:00:02 ; elapsed = 00:00:02 . Memory (MB): peak = 1396.613 ; gain = 0.000
---------------------------------------------------------------------------------
INFO: [Synth 8-6157] synthesizing module 'CPU' [C:/Users/wty02/Desktop/CPU/single_CPU/code/single_CPU/single_CPU.srcs/sources_1/new/CPU.v:23]
INFO: [Synth 8-6157] synthesizing module 'ADDU' [C:/Users/wty02/Desktop/CPU/single_CPU/code/single_CPU/single_CPU.srcs/sources_1/new/ADDU.v:22]
INFO: [Synth 8-6155] done synthesizing module 'ADDU' (1#1) [C:/Users/wty02/Desktop/CPU/single_CPU/code/single_CPU/single_CPU.srcs/sources_1/new/ADDU.v:22]
INFO: [Synth 8-6157] synthesizing module 'MUX' [C:/Users/wty02/Desktop/CPU/single_CPU/code/single_CPU/single_CPU.srcs/sources_1/new/MUX.v:4]
INFO: [Synth 8-6155] done synthesizing module 'MUX' (2#1) [C:/Users/wty02/Desktop/CPU/single_CPU/code/single_CPU/single_CPU.srcs/sources_1/new/MUX.v:4]
INFO: [Synth 8-6157] synthesizing module 'MMUX' [C:/Users/wty02/Desktop/CPU/single_CPU/code/single_CPU/single_CPU.srcs/sources_1/new/MUX.v:23]
INFO: [Synth 8-6155] done synthesizing module 'MMUX' (3#1) [C:/Users/wty02/Desktop/CPU/single_CPU/code/single_CPU/single_CPU.srcs/sources_1/new/MUX.v:23]
INFO: [Synth 8-6157] synthesizing module 'spMUX' [C:/Users/wty02/Desktop/CPU/single_CPU/code/single_CPU/single_CPU.srcs/sources_1/new/MUX.v:13]
INFO: [Synth 8-6155] done synthesizing module 'spMUX' (4#1) [C:/Users/wty02/Desktop/CPU/single_CPU/code/single_CPU/single_CPU.srcs/sources_1/new/MUX.v:13]
INFO: [Synth 8-6157] synthesizing module 'JumpADDer' [C:/Users/wty02/Desktop/CPU/single_CPU/code/single_CPU/single_CPU.srcs/sources_1/new/JumpADDer.v:23]
INFO: [Synth 8-6155] done synthesizing module 'JumpADDer' (5#1) [C:/Users/wty02/Desktop/CPU/single_CPU/code/single_CPU/single_CPU.srcs/sources_1/new/JumpADDer.v:23]
INFO: [Synth 8-6157] synthesizing module 'Ext16' [C:/Users/wty02/Desktop/CPU/single_CPU/code/single_CPU/single_CPU.srcs/sources_1/new/Ext.v:12]
INFO: [Synth 8-6155] done synthesizing module 'Ext16' (6#1) [C:/Users/wty02/Desktop/CPU/single_CPU/code/single_CPU/single_CPU.srcs/sources_1/new/Ext.v:12]
INFO: [Synth 8-6157] synthesizing module 'Ext5' [C:/Users/wty02/Desktop/CPU/single_CPU/code/single_CPU/single_CPU.srcs/sources_1/new/Ext.v:2]
INFO: [Synth 8-6155] done synthesizing module 'Ext5' (7#1) [C:/Users/wty02/Desktop/CPU/single_CPU/code/single_CPU/single_CPU.srcs/sources_1/new/Ext.v:2]
INFO: [Synth 8-6157] synthesizing module 'shifter' [C:/Users/wty02/Desktop/CPU/single_CPU/code/single_CPU/single_CPU.srcs/sources_1/new/shifter.v:23]
INFO: [Synth 8-6155] done synthesizing module 'shifter' (8#1) [C:/Users/wty02/Desktop/CPU/single_CPU/code/single_CPU/single_CPU.srcs/sources_1/new/shifter.v:23]
INFO: [Synth 8-6157] synthesizing module 'PCReg' [C:/Users/wty02/Desktop/CPU/single_CPU/code/single_CPU/single_CPU.srcs/sources_1/new/PCReg.v:23]
INFO: [Synth 8-6155] done synthesizing module 'PCReg' (9#1) [C:/Users/wty02/Desktop/CPU/single_CPU/code/single_CPU/single_CPU.srcs/sources_1/new/PCReg.v:23]
INFO: [Synth 8-6157] synthesizing module 'ALU' [C:/Users/wty02/Desktop/CPU/single_CPU/code/single_CPU/single_CPU.srcs/sources_1/new/myALU.v:23]
WARNING: [Synth 8-151] case item 6'b101010 is unreachable [C:/Users/wty02/Desktop/CPU/single_CPU/code/single_CPU/single_CPU.srcs/sources_1/new/myALU.v:32]
INFO: [Synth 8-6155] done synthesizing module 'ALU' (10#1) [C:/Users/wty02/Desktop/CPU/single_CPU/code/single_CPU/single_CPU.srcs/sources_1/new/myALU.v:23]
WARNING: [Synth 8-4446] all outputs are unconnected for this instance and logic may be removed [C:/Users/wty02/Desktop/CPU/single_CPU/code/single_CPU/single_CPU.srcs/sources_1/new/CPU.v:237]
INFO: [Synth 8-6157] synthesizing module 'blk_mem_gen_0' [C:/Users/wty02/Desktop/CPU/single_CPU/code/single_CPU/.Xil/Vivado-28324-DESKTOP-SO672K3/realtime/blk_mem_gen_0_stub.v:6]
INFO: [Synth 8-6155] done synthesizing module 'blk_mem_gen_0' (11#1) [C:/Users/wty02/Desktop/CPU/single_CPU/code/single_CPU/.Xil/Vivado-28324-DESKTOP-SO672K3/realtime/blk_mem_gen_0_stub.v:6]
ERROR: [Synth 8-448] named port connection 'addr' does not exist for instance 'imem' of module 'blk_mem_gen_0' [C:/Users/wty02/Desktop/CPU/single_CPU/code/single_CPU/single_CPU.srcs/sources_1/new/CPU.v:239]
ERROR: [Synth 8-448] named port connection 'outp' does not exist for instance 'imem' of module 'blk_mem_gen_0' [C:/Users/wty02/Desktop/CPU/single_CPU/code/single_CPU/single_CPU.srcs/sources_1/new/CPU.v:240]
INFO: [Synth 8-6157] synthesizing module 'RegFile' [C:/Users/wty02/Desktop/CPU/single_CPU/code/single_CPU/single_CPU.srcs/sources_1/new/regFIle.v:23]
ERROR: [Synth 8-6156] failed synthesizing module 'RegFile' [C:/Users/wty02/Desktop/CPU/single_CPU/code/single_CPU/single_CPU.srcs/sources_1/new/regFIle.v:23]
ERROR: [Synth 8-6156] failed synthesizing module 'CPU' [C:/Users/wty02/Desktop/CPU/single_CPU/code/single_CPU/single_CPU.srcs/sources_1/new/CPU.v:23]
---------------------------------------------------------------------------------
Finished RTL Elaboration : Time (s): cpu = 00:00:03 ; elapsed = 00:00:02 . Memory (MB): peak = 1396.613 ; gain = 0.000
---------------------------------------------------------------------------------
RTL Elaboration failed
ERROR: [Common 17-39] 'refresh_design' failed due to earlier errors.
WARNING: [IP_Flow 19-4067] Ignoring invalid widget type specified checkbox.Providing a default widget
WARNING: [IP_Flow 19-4067] Ignoring invalid widget type specified checkbox.Providing a default widget
WARNING: [IP_Flow 19-4067] Ignoring invalid widget type specified checkbox.Providing a default widget
WARNING: [IP_Flow 19-4067] Ignoring invalid widget type specified checkbox.Providing a default widget
WARNING: [IP_Flow 19-4067] Ignoring invalid widget type specified checkbox.Providing a default widget
WARNING: [IP_Flow 19-4067] Ignoring invalid widget type specified checkbox.Providing a default widget
reset_run synth_1
launch_runs synth_1 -jobs 8
[Fri Apr  1 23:47:46 2022] Launched synth_1...
Run output will be captured here: C:/Users/wty02/Desktop/CPU/single_CPU/code/single_CPU/single_CPU.runs/synth_1/runme.log
refresh_design
---------------------------------------------------------------------------------
Starting RTL Elaboration : Time (s): cpu = 00:00:02 ; elapsed = 00:00:02 . Memory (MB): peak = 1572.668 ; gain = 0.000
---------------------------------------------------------------------------------
INFO: [Synth 8-6157] synthesizing module 'CPU' [C:/Users/wty02/Desktop/CPU/single_CPU/code/single_CPU/single_CPU.srcs/sources_1/new/CPU.v:23]
INFO: [Synth 8-6157] synthesizing module 'ADDU' [C:/Users/wty02/Desktop/CPU/single_CPU/code/single_CPU/single_CPU.srcs/sources_1/new/ADDU.v:22]
INFO: [Synth 8-6155] done synthesizing module 'ADDU' (1#1) [C:/Users/wty02/Desktop/CPU/single_CPU/code/single_CPU/single_CPU.srcs/sources_1/new/ADDU.v:22]
INFO: [Synth 8-6157] synthesizing module 'MUX' [C:/Users/wty02/Desktop/CPU/single_CPU/code/single_CPU/single_CPU.srcs/sources_1/new/MUX.v:4]
INFO: [Synth 8-6155] done synthesizing module 'MUX' (2#1) [C:/Users/wty02/Desktop/CPU/single_CPU/code/single_CPU/single_CPU.srcs/sources_1/new/MUX.v:4]
INFO: [Synth 8-6157] synthesizing module 'MMUX' [C:/Users/wty02/Desktop/CPU/single_CPU/code/single_CPU/single_CPU.srcs/sources_1/new/MUX.v:23]
INFO: [Synth 8-6155] done synthesizing module 'MMUX' (3#1) [C:/Users/wty02/Desktop/CPU/single_CPU/code/single_CPU/single_CPU.srcs/sources_1/new/MUX.v:23]
INFO: [Synth 8-6157] synthesizing module 'spMUX' [C:/Users/wty02/Desktop/CPU/single_CPU/code/single_CPU/single_CPU.srcs/sources_1/new/MUX.v:13]
INFO: [Synth 8-6155] done synthesizing module 'spMUX' (4#1) [C:/Users/wty02/Desktop/CPU/single_CPU/code/single_CPU/single_CPU.srcs/sources_1/new/MUX.v:13]
INFO: [Synth 8-6157] synthesizing module 'JumpADDer' [C:/Users/wty02/Desktop/CPU/single_CPU/code/single_CPU/single_CPU.srcs/sources_1/new/JumpADDer.v:23]
INFO: [Synth 8-6155] done synthesizing module 'JumpADDer' (5#1) [C:/Users/wty02/Desktop/CPU/single_CPU/code/single_CPU/single_CPU.srcs/sources_1/new/JumpADDer.v:23]
INFO: [Synth 8-6157] synthesizing module 'Ext16' [C:/Users/wty02/Desktop/CPU/single_CPU/code/single_CPU/single_CPU.srcs/sources_1/new/Ext.v:12]
INFO: [Synth 8-6155] done synthesizing module 'Ext16' (6#1) [C:/Users/wty02/Desktop/CPU/single_CPU/code/single_CPU/single_CPU.srcs/sources_1/new/Ext.v:12]
INFO: [Synth 8-6157] synthesizing module 'Ext5' [C:/Users/wty02/Desktop/CPU/single_CPU/code/single_CPU/single_CPU.srcs/sources_1/new/Ext.v:2]
INFO: [Synth 8-6155] done synthesizing module 'Ext5' (7#1) [C:/Users/wty02/Desktop/CPU/single_CPU/code/single_CPU/single_CPU.srcs/sources_1/new/Ext.v:2]
INFO: [Synth 8-6157] synthesizing module 'shifter' [C:/Users/wty02/Desktop/CPU/single_CPU/code/single_CPU/single_CPU.srcs/sources_1/new/shifter.v:23]
INFO: [Synth 8-6155] done synthesizing module 'shifter' (8#1) [C:/Users/wty02/Desktop/CPU/single_CPU/code/single_CPU/single_CPU.srcs/sources_1/new/shifter.v:23]
INFO: [Synth 8-6157] synthesizing module 'PCReg' [C:/Users/wty02/Desktop/CPU/single_CPU/code/single_CPU/single_CPU.srcs/sources_1/new/PCReg.v:23]
INFO: [Synth 8-6155] done synthesizing module 'PCReg' (9#1) [C:/Users/wty02/Desktop/CPU/single_CPU/code/single_CPU/single_CPU.srcs/sources_1/new/PCReg.v:23]
INFO: [Synth 8-6157] synthesizing module 'ALU' [C:/Users/wty02/Desktop/CPU/single_CPU/code/single_CPU/single_CPU.srcs/sources_1/new/myALU.v:23]
WARNING: [Synth 8-151] case item 6'b101010 is unreachable [C:/Users/wty02/Desktop/CPU/single_CPU/code/single_CPU/single_CPU.srcs/sources_1/new/myALU.v:32]
INFO: [Synth 8-6155] done synthesizing module 'ALU' (10#1) [C:/Users/wty02/Desktop/CPU/single_CPU/code/single_CPU/single_CPU.srcs/sources_1/new/myALU.v:23]
INFO: [Synth 8-6157] synthesizing module 'blk_mem_gen_0' [C:/Users/wty02/Desktop/CPU/single_CPU/code/single_CPU/.Xil/Vivado-28324-DESKTOP-SO672K3/realtime/blk_mem_gen_0_stub.v:6]
INFO: [Synth 8-6155] done synthesizing module 'blk_mem_gen_0' (11#1) [C:/Users/wty02/Desktop/CPU/single_CPU/code/single_CPU/.Xil/Vivado-28324-DESKTOP-SO672K3/realtime/blk_mem_gen_0_stub.v:6]
INFO: [Synth 8-6157] synthesizing module 'RegFile' [C:/Users/wty02/Desktop/CPU/single_CPU/code/single_CPU/single_CPU.srcs/sources_1/new/regFIle.v:23]
INFO: [Synth 8-6155] done synthesizing module 'RegFile' (12#1) [C:/Users/wty02/Desktop/CPU/single_CPU/code/single_CPU/single_CPU.srcs/sources_1/new/regFIle.v:23]
INFO: [Synth 8-6157] synthesizing module 'DMEM' [C:/Users/wty02/Desktop/CPU/single_CPU/code/single_CPU/single_CPU.srcs/sources_1/new/DMEM.v:22]
INFO: [Synth 8-6155] done synthesizing module 'DMEM' (13#1) [C:/Users/wty02/Desktop/CPU/single_CPU/code/single_CPU/single_CPU.srcs/sources_1/new/DMEM.v:22]
INFO: [Synth 8-6157] synthesizing module 'controlUnit' [C:/Users/wty02/Desktop/CPU/single_CPU/code/single_CPU/single_CPU.srcs/sources_1/new/controlUnit.v:23]
WARNING: [Synth 8-151] case item 6'b001001 is unreachable [C:/Users/wty02/Desktop/CPU/single_CPU/code/single_CPU/single_CPU.srcs/sources_1/new/controlUnit.v:43]
WARNING: [Synth 8-151] case item 6'b101011 is unreachable [C:/Users/wty02/Desktop/CPU/single_CPU/code/single_CPU/single_CPU.srcs/sources_1/new/controlUnit.v:43]
WARNING: [Synth 8-151] case item 6'b101011 is unreachable [C:/Users/wty02/Desktop/CPU/single_CPU/code/single_CPU/single_CPU.srcs/sources_1/new/controlUnit.v:43]
WARNING: [Synth 8-151] case item 6'b001110 is unreachable [C:/Users/wty02/Desktop/CPU/single_CPU/code/single_CPU/single_CPU.srcs/sources_1/new/controlUnit.v:43]
WARNING: [Synth 8-151] case item 6'b001110 is unreachable [C:/Users/wty02/Desktop/CPU/single_CPU/code/single_CPU/single_CPU.srcs/sources_1/new/controlUnit.v:43]
INFO: [Synth 8-155] case statement is not full and has no default [C:/Users/wty02/Desktop/CPU/single_CPU/code/single_CPU/single_CPU.srcs/sources_1/new/controlUnit.v:47]
INFO: [Synth 8-155] case statement is not full and has no default [C:/Users/wty02/Desktop/CPU/single_CPU/code/single_CPU/single_CPU.srcs/sources_1/new/controlUnit.v:43]
INFO: [Synth 8-6155] done synthesizing module 'controlUnit' (14#1) [C:/Users/wty02/Desktop/CPU/single_CPU/code/single_CPU/single_CPU.srcs/sources_1/new/controlUnit.v:23]
INFO: [Synth 8-6157] synthesizing module 'BranchControl' [C:/Users/wty02/Desktop/CPU/single_CPU/code/single_CPU/single_CPU.srcs/sources_1/new/BranchControl.v:23]
INFO: [Synth 8-6155] done synthesizing module 'BranchControl' (15#1) [C:/Users/wty02/Desktop/CPU/single_CPU/code/single_CPU/single_CPU.srcs/sources_1/new/BranchControl.v:23]
WARNING: [Synth 8-3848] Net pcdata in module/entity CPU does not have driver. [C:/Users/wty02/Desktop/CPU/single_CPU/code/single_CPU/single_CPU.srcs/sources_1/new/CPU.v:26]
WARNING: [Synth 8-3848] Net addr in module/entity CPU does not have driver. [C:/Users/wty02/Desktop/CPU/single_CPU/code/single_CPU/single_CPU.srcs/sources_1/new/CPU.v:29]
WARNING: [Synth 8-3848] Net wdata in module/entity CPU does not have driver. [C:/Users/wty02/Desktop/CPU/single_CPU/code/single_CPU/single_CPU.srcs/sources_1/new/CPU.v:30]
WARNING: [Synth 8-3848] Net im_r in module/entity CPU does not have driver. [C:/Users/wty02/Desktop/CPU/single_CPU/code/single_CPU/single_CPU.srcs/sources_1/new/CPU.v:31]
WARNING: [Synth 8-3848] Net dm_cs in module/entity CPU does not have driver. [C:/Users/wty02/Desktop/CPU/single_CPU/code/single_CPU/single_CPU.srcs/sources_1/new/CPU.v:32]
WARNING: [Synth 8-3848] Net dm_r in module/entity CPU does not have driver. [C:/Users/wty02/Desktop/CPU/single_CPU/code/single_CPU/single_CPU.srcs/sources_1/new/CPU.v:33]
WARNING: [Synth 8-3848] Net dm_w in module/entity CPU does not have driver. [C:/Users/wty02/Desktop/CPU/single_CPU/code/single_CPU/single_CPU.srcs/sources_1/new/CPU.v:34]
WARNING: [Synth 8-3848] Net op_out in module/entity CPU does not have driver. [C:/Users/wty02/Desktop/CPU/single_CPU/code/single_CPU/single_CPU.srcs/sources_1/new/CPU.v:35]
WARNING: [Synth 8-3848] Net Z in module/entity CPU does not have driver. [C:/Users/wty02/Desktop/CPU/single_CPU/code/single_CPU/single_CPU.srcs/sources_1/new/CPU.v:36]
INFO: [Synth 8-6155] done synthesizing module 'CPU' (16#1) [C:/Users/wty02/Desktop/CPU/single_CPU/code/single_CPU/single_CPU.srcs/sources_1/new/CPU.v:23]
WARNING: [Synth 8-3331] design DMEM has unconnected port addr[31]
WARNING: [Synth 8-3331] design DMEM has unconnected port addr[30]
WARNING: [Synth 8-3331] design DMEM has unconnected port addr[29]
WARNING: [Synth 8-3331] design DMEM has unconnected port addr[28]
WARNING: [Synth 8-3331] design DMEM has unconnected port addr[27]
WARNING: [Synth 8-3331] design DMEM has unconnected port addr[26]
WARNING: [Synth 8-3331] design DMEM has unconnected port addr[25]
WARNING: [Synth 8-3331] design DMEM has unconnected port addr[24]
WARNING: [Synth 8-3331] design DMEM has unconnected port addr[23]
WARNING: [Synth 8-3331] design DMEM has unconnected port addr[22]
WARNING: [Synth 8-3331] design DMEM has unconnected port addr[21]
WARNING: [Synth 8-3331] design DMEM has unconnected port addr[20]
WARNING: [Synth 8-3331] design DMEM has unconnected port addr[19]
WARNING: [Synth 8-3331] design DMEM has unconnected port addr[18]
WARNING: [Synth 8-3331] design DMEM has unconnected port addr[17]
WARNING: [Synth 8-3331] design DMEM has unconnected port addr[16]
WARNING: [Synth 8-3331] design DMEM has unconnected port addr[15]
WARNING: [Synth 8-3331] design DMEM has unconnected port addr[14]
WARNING: [Synth 8-3331] design DMEM has unconnected port addr[13]
WARNING: [Synth 8-3331] design DMEM has unconnected port addr[12]
WARNING: [Synth 8-3331] design DMEM has unconnected port addr[11]
WARNING: [Synth 8-3331] design DMEM has unconnected port addr[10]
WARNING: [Synth 8-3331] design DMEM has unconnected port addr[9]
WARNING: [Synth 8-3331] design DMEM has unconnected port addr[8]
WARNING: [Synth 8-3331] design spMUX has unconnected port data_in1[31]
WARNING: [Synth 8-3331] design spMUX has unconnected port data_in1[30]
WARNING: [Synth 8-3331] design spMUX has unconnected port data_in1[29]
WARNING: [Synth 8-3331] design spMUX has unconnected port data_in1[28]
WARNING: [Synth 8-3331] design spMUX has unconnected port data_in1[27]
WARNING: [Synth 8-3331] design spMUX has unconnected port data_in1[26]
WARNING: [Synth 8-3331] design spMUX has unconnected port data_in1[25]
WARNING: [Synth 8-3331] design spMUX has unconnected port data_in1[24]
WARNING: [Synth 8-3331] design spMUX has unconnected port data_in1[23]
WARNING: [Synth 8-3331] design spMUX has unconnected port data_in1[22]
WARNING: [Synth 8-3331] design spMUX has unconnected port data_in1[21]
WARNING: [Synth 8-3331] design spMUX has unconnected port data_in1[20]
WARNING: [Synth 8-3331] design spMUX has unconnected port data_in1[19]
WARNING: [Synth 8-3331] design spMUX has unconnected port data_in1[18]
WARNING: [Synth 8-3331] design spMUX has unconnected port data_in1[17]
WARNING: [Synth 8-3331] design spMUX has unconnected port data_in1[16]
WARNING: [Synth 8-3331] design spMUX has unconnected port data_in1[15]
WARNING: [Synth 8-3331] design spMUX has unconnected port data_in1[14]
WARNING: [Synth 8-3331] design spMUX has unconnected port data_in1[13]
WARNING: [Synth 8-3331] design spMUX has unconnected port data_in1[12]
WARNING: [Synth 8-3331] design spMUX has unconnected port data_in1[11]
WARNING: [Synth 8-3331] design spMUX has unconnected port data_in1[10]
WARNING: [Synth 8-3331] design spMUX has unconnected port data_in1[9]
WARNING: [Synth 8-3331] design spMUX has unconnected port data_in1[8]
WARNING: [Synth 8-3331] design spMUX has unconnected port data_in1[7]
WARNING: [Synth 8-3331] design spMUX has unconnected port data_in1[6]
WARNING: [Synth 8-3331] design spMUX has unconnected port data_in1[5]
WARNING: [Synth 8-3331] design spMUX has unconnected port data_in2[31]
WARNING: [Synth 8-3331] design spMUX has unconnected port data_in2[30]
WARNING: [Synth 8-3331] design spMUX has unconnected port data_in2[29]
WARNING: [Synth 8-3331] design spMUX has unconnected port data_in2[28]
WARNING: [Synth 8-3331] design spMUX has unconnected port data_in2[27]
WARNING: [Synth 8-3331] design spMUX has unconnected port data_in2[26]
WARNING: [Synth 8-3331] design spMUX has unconnected port data_in2[25]
WARNING: [Synth 8-3331] design spMUX has unconnected port data_in2[24]
WARNING: [Synth 8-3331] design spMUX has unconnected port data_in2[23]
WARNING: [Synth 8-3331] design spMUX has unconnected port data_in2[22]
WARNING: [Synth 8-3331] design spMUX has unconnected port data_in2[21]
WARNING: [Synth 8-3331] design spMUX has unconnected port data_in2[20]
WARNING: [Synth 8-3331] design spMUX has unconnected port data_in2[19]
WARNING: [Synth 8-3331] design spMUX has unconnected port data_in2[18]
WARNING: [Synth 8-3331] design spMUX has unconnected port data_in2[17]
WARNING: [Synth 8-3331] design spMUX has unconnected port data_in2[16]
WARNING: [Synth 8-3331] design spMUX has unconnected port data_in2[15]
WARNING: [Synth 8-3331] design spMUX has unconnected port data_in2[14]
WARNING: [Synth 8-3331] design spMUX has unconnected port data_in2[13]
WARNING: [Synth 8-3331] design spMUX has unconnected port data_in2[12]
WARNING: [Synth 8-3331] design spMUX has unconnected port data_in2[11]
WARNING: [Synth 8-3331] design spMUX has unconnected port data_in2[10]
WARNING: [Synth 8-3331] design spMUX has unconnected port data_in2[9]
WARNING: [Synth 8-3331] design spMUX has unconnected port data_in2[8]
WARNING: [Synth 8-3331] design spMUX has unconnected port data_in2[7]
WARNING: [Synth 8-3331] design spMUX has unconnected port data_in2[6]
WARNING: [Synth 8-3331] design spMUX has unconnected port data_in2[5]
WARNING: [Synth 8-3331] design CPU has unconnected port pcdata[31]
WARNING: [Synth 8-3331] design CPU has unconnected port pcdata[30]
WARNING: [Synth 8-3331] design CPU has unconnected port pcdata[29]
WARNING: [Synth 8-3331] design CPU has unconnected port pcdata[28]
WARNING: [Synth 8-3331] design CPU has unconnected port pcdata[27]
WARNING: [Synth 8-3331] design CPU has unconnected port pcdata[26]
WARNING: [Synth 8-3331] design CPU has unconnected port pcdata[25]
WARNING: [Synth 8-3331] design CPU has unconnected port pcdata[24]
WARNING: [Synth 8-3331] design CPU has unconnected port pcdata[23]
WARNING: [Synth 8-3331] design CPU has unconnected port pcdata[22]
WARNING: [Synth 8-3331] design CPU has unconnected port pcdata[21]
WARNING: [Synth 8-3331] design CPU has unconnected port pcdata[20]
WARNING: [Synth 8-3331] design CPU has unconnected port pcdata[19]
WARNING: [Synth 8-3331] design CPU has unconnected port pcdata[18]
WARNING: [Synth 8-3331] design CPU has unconnected port pcdata[17]
WARNING: [Synth 8-3331] design CPU has unconnected port pcdata[16]
WARNING: [Synth 8-3331] design CPU has unconnected port pcdata[15]
WARNING: [Synth 8-3331] design CPU has unconnected port pcdata[14]
WARNING: [Synth 8-3331] design CPU has unconnected port pcdata[13]
WARNING: [Synth 8-3331] design CPU has unconnected port pcdata[12]
WARNING: [Synth 8-3331] design CPU has unconnected port pcdata[11]
WARNING: [Synth 8-3331] design CPU has unconnected port pcdata[10]
INFO: [Common 17-14] Message 'Synth 8-3331' appears 100 times and further instances of the messages will be disabled. Use the Tcl command set_msg_config to change the current settings.
---------------------------------------------------------------------------------
Finished RTL Elaboration : Time (s): cpu = 00:00:02 ; elapsed = 00:00:02 . Memory (MB): peak = 1572.668 ; gain = 0.000
---------------------------------------------------------------------------------

Report Check Netlist: 
+------+------------------+-------+---------+-------+------------------+
|      |Item              |Errors |Warnings |Status |Description       |
+------+------------------+-------+---------+-------+------------------+
|1     |multi_driven_nets |      0|        0|Passed |Multi driven nets |
+------+------------------+-------+---------+-------+------------------+
---------------------------------------------------------------------------------
Start Handling Custom Attributes
---------------------------------------------------------------------------------
---------------------------------------------------------------------------------
Finished Handling Custom Attributes : Time (s): cpu = 00:00:02 ; elapsed = 00:00:02 . Memory (MB): peak = 1572.668 ; gain = 0.000
---------------------------------------------------------------------------------
---------------------------------------------------------------------------------
Finished RTL Optimization Phase 1 : Time (s): cpu = 00:00:02 ; elapsed = 00:00:02 . Memory (MB): peak = 1572.668 ; gain = 0.000
---------------------------------------------------------------------------------
INFO: [Project 1-454] Reading design checkpoint 'c:/Users/wty02/Desktop/CPU/single_CPU/code/single_CPU/single_CPU.srcs/sources_1/ip/blk_mem_gen_0/blk_mem_gen_0.dcp' for cell 'imem'
INFO: [Netlist 29-17] Analyzing 1 Unisim elements for replacement
INFO: [Netlist 29-28] Unisim Transformation completed in 0 CPU seconds
INFO: [Project 1-479] Netlist was created with Vivado 2018.3
INFO: [Project 1-570] Preparing netlist for logic optimization
INFO: [Opt 31-140] Inserted 1 IBUFs to IO ports without IO buffers.

Processing XDC Constraints
Initializing timing engine
Completed Processing XDC Constraints

INFO: [Opt 31-138] Pushed 0 inverter(s) to 0 load pin(s).
refresh_design: Time (s): cpu = 00:00:08 ; elapsed = 00:00:06 . Memory (MB): peak = 1589.016 ; gain = 16.348
WARNING: [IP_Flow 19-4067] Ignoring invalid widget type specified checkbox.Providing a default widget
WARNING: [IP_Flow 19-4067] Ignoring invalid widget type specified checkbox.Providing a default widget
WARNING: [IP_Flow 19-4067] Ignoring invalid widget type specified checkbox.Providing a default widget
WARNING: [IP_Flow 19-4067] Ignoring invalid widget type specified checkbox.Providing a default widget
set_property -dict [list CONFIG.Write_Depth_A {256}] [get_ips blk_mem_gen_0]
generate_target all [get_files  C:/Users/wty02/Desktop/CPU/single_CPU/code/single_CPU/single_CPU.srcs/sources_1/ip/blk_mem_gen_0/blk_mem_gen_0.xci]
INFO: [IP_Flow 19-1686] Generating 'Instantiation Template' target for IP 'blk_mem_gen_0'...
INFO: [IP_Flow 19-1686] Generating 'Synthesis' target for IP 'blk_mem_gen_0'...
INFO: [IP_Flow 19-1686] Generating 'Simulation' target for IP 'blk_mem_gen_0'...
INFO: [IP_Flow 19-1686] Generating 'Miscellaneous' target for IP 'blk_mem_gen_0'...
INFO: [IP_Flow 19-1686] Generating 'Change Log' target for IP 'blk_mem_gen_0'...
catch { config_ip_cache -export [get_ips -all blk_mem_gen_0] }
export_ip_user_files -of_objects [get_files C:/Users/wty02/Desktop/CPU/single_CPU/code/single_CPU/single_CPU.srcs/sources_1/ip/blk_mem_gen_0/blk_mem_gen_0.xci] -no_script -sync -force -quiet
reset_run blk_mem_gen_0_synth_1
launch_runs -jobs 8 blk_mem_gen_0_synth_1
[Fri Apr  1 23:51:31 2022] Launched blk_mem_gen_0_synth_1...
Run output will be captured here: C:/Users/wty02/Desktop/CPU/single_CPU/code/single_CPU/single_CPU.runs/blk_mem_gen_0_synth_1/runme.log
export_simulation -of_objects [get_files C:/Users/wty02/Desktop/CPU/single_CPU/code/single_CPU/single_CPU.srcs/sources_1/ip/blk_mem_gen_0/blk_mem_gen_0.xci] -directory C:/Users/wty02/Desktop/CPU/single_CPU/code/single_CPU/single_CPU.ip_user_files/sim_scripts -ip_user_files_dir C:/Users/wty02/Desktop/CPU/single_CPU/code/single_CPU/single_CPU.ip_user_files -ipstatic_source_dir C:/Users/wty02/Desktop/CPU/single_CPU/code/single_CPU/single_CPU.ip_user_files/ipstatic -lib_map_path [list {modelsim=C:/Users/wty02/Desktop/CPU/single_CPU/code/single_CPU/single_CPU.cache/compile_simlib/modelsim} {questa=C:/Users/wty02/Desktop/CPU/single_CPU/code/single_CPU/single_CPU.cache/compile_simlib/questa} {riviera=C:/Users/wty02/Desktop/CPU/single_CPU/code/single_CPU/single_CPU.cache/compile_simlib/riviera} {activehdl=C:/Users/wty02/Desktop/CPU/single_CPU/code/single_CPU/single_CPU.cache/compile_simlib/activehdl}] -use_ip_compiled_libs -force -quiet
exit
INFO: [Common 17-206] Exiting Vivado at Sat Apr  2 00:00:30 2022...
